<?xml version="1.0" encoding="UTF-8"?>
<!-- Generated by org.testng.reporters.JUnitReportReporter -->
<testsuite hostname="DESKTOP-Q2SED5P" failures="0" tests="2" name="TestClasses.CrossBrowserTesting" time="10.218" errors="0" timestamp="2023-08-13T12:03:51 IST" skipped="0">
  <testcase classname="TestClasses.CrossBrowserTesting" name="verifyLoginWithValidCredential" time="5.389"/>
  <testcase classname="TestClasses.CrossBrowserTesting" name="verifyLoginWithValidCredential" time="4.829"/>
</testsuite> <!-- TestClasses.CrossBrowserTesting -->
