<?xml version="1.0" encoding="UTF-8"?>
<!-- Generated by org.testng.reporters.JUnitReportReporter -->
<testsuite hostname="DESKTOP-Q2SED5P" failures="0" tests="2" name="TestClasses.LoginToVahan" time="8.136" errors="0" timestamp="2023-08-13T12:02:43 IST" skipped="0">
  <testcase classname="TestClasses.LoginToVahan" name="verifyLoginWithValidCredential" time="3.452"/>
  <testcase classname="TestClasses.LoginToVahan" name="verifyLoginWithInvalidCredential" time="4.684"/>
</testsuite> <!-- TestClasses.LoginToVahan -->
